# JRE version: Java(TM) SE Runtime Environment (19.0.2+7) (build 19.0.2+7-44)
# Java VM: Java HotSpot(TM) 64-Bit Server VM (19.0.2+7-44, mixed mode, sharing, tiered, compressed oops, compressed class ptrs, g1 gc, windows-amd64)
GC Precious Log:
 CardTable entry size: 512
 Card Set container configuration: InlinePtr #cards 5 size 8 Array Of Cards #cards 12 size 40 Howl #buckets 4 coarsen threshold 1843 Howl Bitmap #cards 512 size 80 coarsen threshold 460 Card regions per heap region 1 cards per card region 2048
 CPUs: 12 total, 12 available
 Memory: 5989M
 Large Page Support: Disabled
 NUMA Support: Disabled
 Compressed Oops: Enabled (32-bit)
 Heap Region Size: 1M
 Heap Min Capacity: 8M
 Heap Initial Capacity: 8M
 Heap Max Capacity: 1498M
 Pre-touch: Disabled
 Parallel Workers: 10
 Concurrent Workers: 3
 Concurrent Refinement Workers: 10
 Periodic GC: Disabled
Heap:
 garbage-first heap   total 12288K, used 4653K [0x00000000a2600000, 0x0000000100000000)
  region size 1024K, 1 young (1024K), 1 survivors (1024K)
 Metaspace       used 8494K, committed 8768K, reserved 1114112K
  class space    used 953K, committed 1088K, reserved 1048576K
GC Heap History (20 events):
Event: 1.323 GC heap after
{Heap after GC invocations=1 (full 0):
 garbage-first heap   total 8192K, used 1312K [0x00000000a2600000, 0x0000000100000000)
  region size 1024K, 1 young (1024K), 1 survivors (1024K)
 Metaspace       used 2736K, committed 2944K, reserved 1114112K
  class space    used 344K, committed 448K, reserved 1048576K
}
Event: 2.415 GC heap before
{Heap before GC invocations=1 (full 0):
 garbage-first heap   total 8192K, used 1312K [0x00000000a2600000, 0x0000000100000000)
  region size 1024K, 2 young (2048K), 1 survivors (1024K)
 Metaspace       used 5188K, committed 5312K, reserved 1114112K
  class space    used 612K, committed 704K, reserved 1048576K
}
Event: 2.418 GC heap after
{Heap after GC invocations=2 (full 0):
 garbage-first heap   total 8192K, used 1740K [0x00000000a2600000, 0x0000000100000000)
  region size 1024K, 1 young (1024K), 1 survivors (1024K)
 Metaspace       used 5188K, committed 5312K, reserved 1114112K
  class space    used 612K, committed 704K, reserved 1048576K
}
Event: 2.466 GC heap before
{Heap before GC invocations=2 (full 0):
 garbage-first heap   total 8192K, used 2764K [0x00000000a2600000, 0x0000000100000000)
  region size 1024K, 2 young (2048K), 1 survivors (1024K)
 Metaspace       used 6636K, committed 6784K, reserved 1114112K
  class space    used 768K, committed 832K, reserved 1048576K
}
Event: 2.468 GC heap after
{Heap after GC invocations=3 (full 0):
 garbage-first heap   total 8192K, used 2114K [0x00000000a2600000, 0x0000000100000000)
  region size 1024K, 1 young (1024K), 1 survivors (1024K)
 Metaspace       used 6636K, committed 6784K, reserved 1114112K
  class space    used 768K, committed 832K, reserved 1048576K
}
Event: 2.516 GC heap before
{Heap before GC invocations=3 (full 0):
 garbage-first heap   total 8192K, used 3138K [0x00000000a2600000, 0x0000000100000000)
  region size 1024K, 2 young (2048K), 1 survivors (1024K)
 Metaspace       used 7645K, committed 7808K, reserved 1114112K
  class space    used 858K, committed 896K, reserved 1048576K
}
Event: 2.518 GC heap after
{Heap after GC invocations=4 (full 0):
 garbage-first heap   total 8192K, used 2436K [0x00000000a2600000, 0x0000000100000000)
  region size 1024K, 1 young (1024K), 1 survivors (1024K)
 Metaspace       used 7645K, committed 7808K, reserved 1114112K
  class space    used 858K, committed 896K, reserved 1048576K
}
Event: 2.545 GC heap before
{Heap before GC invocations=4 (full 0):
 garbage-first heap   total 8192K, used 3460K [0x00000000a2600000, 0x0000000100000000)
  region size 1024K, 2 young (2048K), 1 survivors (1024K)
 Metaspace       used 7889K, committed 8128K, reserved 1114112K
  class space    used 882K, committed 1024K, reserved 1048576K
}
Event: 2.547 GC heap after
{Heap after GC invocations=5 (full 0):
 garbage-first heap   total 8192K, used 2852K [0x00000000a2600000, 0x0000000100000000)
  region size 1024K, 1 young (1024K), 1 survivors (1024K)
 Metaspace       used 7889K, committed 8128K, reserved 1114112K
  class space    used 882K, committed 1024K, reserved 1048576K
}
Event: 2.567 GC heap before
{Heap before GC invocations=5 (full 0):
 garbage-first heap   total 8192K, used 3876K [0x00000000a2600000, 0x0000000100000000)
  region size 1024K, 2 young (2048K), 1 survivors (1024K)
 Metaspace       used 8040K, committed 8256K, reserved 1114112K
  class space    used 906K, committed 1024K, reserved 1048576K
}
Event: 2.568 GC heap after
{Heap after GC invocations=6 (full 0):
 garbage-first heap   total 8192K, used 3101K [0x00000000a2600000, 0x0000000100000000)
  region size 1024K, 1 young (1024K), 1 survivors (1024K)
 Metaspace       used 8040K, committed 8256K, reserved 1114112K
  class space    used 906K, committed 1024K, reserved 1048576K
}
Event: 2.576 GC heap before
{Heap before GC invocations=6 (full 0):
 garbage-first heap   total 8192K, used 4125K [0x00000000a2600000, 0x0000000100000000)
  region size 1024K, 2 young (2048K), 1 survivors (1024K)
 Metaspace       used 8070K, committed 8256K, reserved 1114112K
  class space    used 906K, committed 1024K, reserved 1048576K
}
Event: 2.577 GC heap after
{Heap after GC invocations=7 (full 0):
 garbage-first heap   total 12288K, used 3388K [0x00000000a2600000, 0x0000000100000000)
  region size 1024K, 1 young (1024K), 1 survivors (1024K)
 Metaspace       used 8070K, committed 8256K, reserved 1114112K
  class space    used 906K, committed 1024K, reserved 1048576K
}
Event: 2.598 GC heap before
{Heap before GC invocations=7 (full 0):
 garbage-first heap   total 12288K, used 6460K [0x00000000a2600000, 0x0000000100000000)
  region size 1024K, 4 young (4096K), 1 survivors (1024K)
 Metaspace       used 8172K, committed 8384K, reserved 1114112K
  class space    used 915K, committed 1024K, reserved 1048576K
}
Event: 2.599 GC heap after
{Heap after GC invocations=8 (full 0):
 garbage-first heap   total 12288K, used 3623K [0x00000000a2600000, 0x0000000100000000)
  region size 1024K, 1 young (1024K), 1 survivors (1024K)
 Metaspace       used 8172K, committed 8384K, reserved 1114112K
  class space    used 915K, committed 1024K, reserved 1048576K
}
Event: 2.606 GC heap before
{Heap before GC invocations=8 (full 0):
 garbage-first heap   total 12288K, used 6695K [0x00000000a2600000, 0x0000000100000000)
  region size 1024K, 4 young (4096K), 1 survivors (1024K)
 Metaspace       used 8192K, committed 8384K, reserved 1114112K
  class space    used 915K, committed 1024K, reserved 1048576K
}
Event: 2.608 GC heap after
{Heap after GC invocations=9 (full 0):
 garbage-first heap   total 12288K, used 4109K [0x00000000a2600000, 0x0000000100000000)
  region size 1024K, 1 young (1024K), 1 survivors (1024K)
 Metaspace       used 8192K, committed 8384K, reserved 1114112K
  class space    used 915K, committed 1024K, reserved 1048576K
}
Event: 2.619 GC heap before
{Heap before GC invocations=9 (full 0):
 garbage-first heap   total 12288K, used 6157K [0x00000000a2600000, 0x0000000100000000)
  region size 1024K, 3 young (3072K), 1 survivors (1024K)
 Metaspace       used 8221K, committed 8448K, reserved 1114112K
  class space    used 918K, committed 1024K, reserved 1048576K
}
Event: 2.621 GC heap after
{Heap after GC invocations=10 (full 0):
 garbage-first heap   total 12288K, used 4350K [0x00000000a2600000, 0x0000000100000000)
  region size 1024K, 1 young (1024K), 1 survivors (1024K)
 Metaspace       used 8221K, committed 8448K, reserved 1114112K
  class space    used 918K, committed 1024K, reserved 1048576K
}
Event: 2.651 GC heap before
{Heap before GC invocations=10 (full 0):
 garbage-first heap   total 12288K, used 6398K [0x00000000a2600000, 0x0000000100000000)
  region size 1024K, 3 young (3072K), 1 survivors (1024K)
 Metaspace       used 8494K, committed 8768K, reserved 1114112K
  class space    used 953K, committed 1088K, reserved 1048576K
}

